Determining if the pthread_create exist failed with the following output:
Change Dir: /home/bokluk/GIT/programmiersprachen-raytracer/debug/CMakeFiles/CMakeTmp

Run Build Command:"/usr/bin/make" "cmTC_1b77b/fast"
/usr/bin/make -f CMakeFiles/cmTC_1b77b.dir/build.make CMakeFiles/cmTC_1b77b.dir/build
make[1]: Entering directory '/home/bokluk/GIT/programmiersprachen-raytracer/debug/CMakeFiles/CMakeTmp'
Building C object CMakeFiles/cmTC_1b77b.dir/CheckSymbolExists.c.o
/usr/bin/cc    -o CMakeFiles/cmTC_1b77b.dir/CheckSymbolExists.c.o   -c /home/bokluk/GIT/programmiersprachen-raytracer/debug/CMakeFiles/CMakeTmp/CheckSymbolExists.c
Linking C executable cmTC_1b77b
/usr/bin/cmake -E cmake_link_script CMakeFiles/cmTC_1b77b.dir/link.txt --verbose=1
/usr/bin/cc      -rdynamic CMakeFiles/cmTC_1b77b.dir/CheckSymbolExists.c.o  -o cmTC_1b77b 
CMakeFiles/cmTC_1b77b.dir/CheckSymbolExists.c.o: In function `main':
CheckSymbolExists.c:(.text+0x1b): undefined reference to `pthread_create'
collect2: error: ld returned 1 exit status
make[1]: *** [CMakeFiles/cmTC_1b77b.dir/build.make:98: cmTC_1b77b] Error 1
make[1]: Leaving directory '/home/bokluk/GIT/programmiersprachen-raytracer/debug/CMakeFiles/CMakeTmp'
make: *** [Makefile:126: cmTC_1b77b/fast] Error 2

File /home/bokluk/GIT/programmiersprachen-raytracer/debug/CMakeFiles/CMakeTmp/CheckSymbolExists.c:
/* */
#include <pthread.h>

int main(int argc, char** argv)
{
  (void)argv;
#ifndef pthread_create
  return ((int*)(&pthread_create))[argc];
#else
  (void)argc;
  return 0;
#endif
}

Determining if the function pthread_create exists in the pthreads failed with the following output:
Change Dir: /home/bokluk/GIT/programmiersprachen-raytracer/debug/CMakeFiles/CMakeTmp

Run Build Command:"/usr/bin/make" "cmTC_329a8/fast"
/usr/bin/make -f CMakeFiles/cmTC_329a8.dir/build.make CMakeFiles/cmTC_329a8.dir/build
make[1]: Entering directory '/home/bokluk/GIT/programmiersprachen-raytracer/debug/CMakeFiles/CMakeTmp'
Building C object CMakeFiles/cmTC_329a8.dir/CheckFunctionExists.c.o
/usr/bin/cc   -DCHECK_FUNCTION_EXISTS=pthread_create   -o CMakeFiles/cmTC_329a8.dir/CheckFunctionExists.c.o   -c /usr/share/cmake-3.8/Modules/CheckFunctionExists.c
Linking C executable cmTC_329a8
/usr/bin/cmake -E cmake_link_script CMakeFiles/cmTC_329a8.dir/link.txt --verbose=1
/usr/bin/cc  -DCHECK_FUNCTION_EXISTS=pthread_create    -rdynamic CMakeFiles/cmTC_329a8.dir/CheckFunctionExists.c.o  -o cmTC_329a8 -lpthreads 
/usr/bin/ld: cannot find -lpthreads
collect2: error: ld returned 1 exit status
make[1]: *** [CMakeFiles/cmTC_329a8.dir/build.make:98: cmTC_329a8] Error 1
make[1]: Leaving directory '/home/bokluk/GIT/programmiersprachen-raytracer/debug/CMakeFiles/CMakeTmp'
make: *** [Makefile:126: cmTC_329a8/fast] Error 2


